0 info it worked if it ends with ok
1 verbose cli [ 'node', '/usr/local/bin/npm', 'start' ]
2 info using npm@2.7.1
3 info using node@v0.12.0
4 verbose run-script [ 'prestart', 'start', 'poststart' ]
5 info prestart marginal-scholarship-2-frontend@1.0.0
6 info start marginal-scholarship-2-frontend@1.0.0
7 verbose unsafe-perm in lifecycle true
8 info marginal-scholarship-2-frontend@1.0.0 Failed to exec start script
9 verbose stack Error: marginal-scholarship-2-frontend@1.0.0 start: `gulp`
9 verbose stack Exit status 1
9 verbose stack     at EventEmitter.<anonymous> (/usr/local/lib/node_modules/npm/lib/utils/lifecycle.js:213:16)
9 verbose stack     at EventEmitter.emit (events.js:110:17)
9 verbose stack     at ChildProcess.<anonymous> (/usr/local/lib/node_modules/npm/lib/utils/spawn.js:14:12)
9 verbose stack     at ChildProcess.emit (events.js:110:17)
9 verbose stack     at maybeClose (child_process.js:1008:16)
9 verbose stack     at Process.ChildProcess._handle.onexit (child_process.js:1080:5)
10 verbose pkgid marginal-scholarship-2-frontend@1.0.0
11 verbose cwd /home/gijs/Projects/marginal-scholarship-2-frontend
12 error Linux 3.11.0-12-generic
13 error argv "node" "/usr/local/bin/npm" "start"
14 error node v0.12.0
15 error npm  v2.7.1
16 error code ELIFECYCLE
17 error marginal-scholarship-2-frontend@1.0.0 start: `gulp`
17 error Exit status 1
18 error Failed at the marginal-scholarship-2-frontend@1.0.0 start script 'gulp'.
18 error This is most likely a problem with the marginal-scholarship-2-frontend package,
18 error not with npm itself.
18 error Tell the author that this fails on your system:
18 error     gulp
18 error You can get their info via:
18 error     npm owner ls marginal-scholarship-2-frontend
18 error There is likely additional logging output above.
19 verbose exit [ 1, true ]
